\BOOKMARK [1][-]{section.1}{Introduction/Motivation}{}% 1
\BOOKMARK [1][-]{section.2}{Previous Work}{}% 2
\BOOKMARK [1][-]{section.3}{Our Approach}{}% 3
\BOOKMARK [1][-]{section.4}{B-Tree Implementations}{}% 4
\BOOKMARK [2][-]{subsection.4.1}{Sequential Tree}{section.4}% 5
\BOOKMARK [2][-]{subsection.4.2}{ReaderWriter Trees \(Array and List-based\)}{section.4}% 6
\BOOKMARK [2][-]{subsection.4.3}{B-Link Tree}{section.4}% 7
\BOOKMARK [1][-]{section.5}{Implementation and Test Setup}{}% 8
\BOOKMARK [1][-]{section.6}{Performance}{}% 9
\BOOKMARK [2][-]{subsection.6.1}{Sequential}{section.6}% 10
\BOOKMARK [3][-]{subsubsection.6.1.1}{100\045 Insert}{subsection.6.1}% 11
\BOOKMARK [3][-]{subsubsection.6.1.2}{90\045 Insert, 10\045 Lookup}{subsection.6.1}% 12
\BOOKMARK [3][-]{subsubsection.6.1.3}{80\045 Insert, 20\045 Lookup}{subsection.6.1}% 13
\BOOKMARK [2][-]{subsection.6.2}{Concurrent, Single threaded}{section.6}% 14
\BOOKMARK [3][-]{subsubsection.6.2.1}{100\045 Insert}{subsection.6.2}% 15
\BOOKMARK [3][-]{subsubsection.6.2.2}{90\045 Insert, 10\045 Lookup}{subsection.6.2}% 16
\BOOKMARK [3][-]{subsubsection.6.2.3}{80\045 Insert, 20\045 Lookup}{subsection.6.2}% 17
\BOOKMARK [2][-]{subsection.6.3}{Concurrent, Scaling Threads}{section.6}% 18
\BOOKMARK [1][-]{section.7}{Discussion}{}% 19
\BOOKMARK [1][-]{section.8}{Takeaways}{}% 20
\BOOKMARK [1][-]{section.9}{Citations}{}% 21
\BOOKMARK [1][-]{section.10}{Experimental Results}{}% 22
\BOOKMARK [1][-]{section.11}{Conclusions}{}% 23
\BOOKMARK [1][-]{section.12}{Acknowledgments}{}% 24
\BOOKMARK [1][-]{section.13}{References}{}% 25
